<?xml version="1.0" encoding="UTF-8"?>
<!-- Generated by com.x.webAutomation.common.Listeners -->
<testsuite hostname="DESKTOP-B8228OQ" failures="0" tests="1" name="com.automation.StandAloneTest" time="4.641" errors="0" timestamp="2025-05-18T14:14:37 AEST" skipped="0">
  <testcase classname="com.automation.StandAloneTest" name="welcomeTextTest" time="4.641"/>
</testsuite> <!-- com.automation.StandAloneTest -->
