<?xml version="1.0" encoding="UTF-8"?>
<!-- Generated by com.x.webAutomation.common.Listeners -->
<testsuite hostname="DESKTOP-B8228OQ" failures="0" tests="1" name="com.automation.StatusCodeTest" time="6.402" errors="0" timestamp="2025-05-18T14:17:41 AEST" skipped="0">
  <testcase classname="com.automation.StatusCodeTest" name="verifyStatusCode200" time="6.402"/>
</testsuite> <!-- com.automation.StatusCodeTest -->
