<?xml version="1.0" encoding="UTF-8"?>
<!-- Generated by com.x.webAutomation.common.Listeners -->
<testsuite hostname="DESKTOP-B8228OQ" failures="0" tests="1" name="com.automation.AddRemoveElementTest" time="9.182" errors="0" timestamp="2025-05-17T18:47:07 AEST" skipped="0">
  <testcase classname="com.automation.AddRemoveElementTest" name="verifyAddRemoveElementTest" time="9.182"/>
</testsuite> <!-- com.automation.AddRemoveElementTest -->
