<?xml version="1.0" encoding="UTF-8"?>
<!-- Generated by com.x.webAutomation.common.Listeners -->
<testsuite hostname="DESKTOP-B8228OQ" failures="0" tests="1" name="com.automation.StandAloneTest" time="5.919" errors="0" timestamp="2025-05-17T18:47:07 AEST" skipped="0">
  <testcase classname="com.automation.StandAloneTest" name="welcomeTextTest" time="5.919"/>
</testsuite> <!-- com.automation.StandAloneTest -->
